Warning: A secret was passed to "sh" using Groovy String interpolation, which is insecure.
		 Affected argument(s) used the following variable(s): [HARBOR_CREDENTIAL_PSW]
		 See https://jenkins.io/redirect/groovy-string-interpolation for details.
+ gradle jib --no-daemon -Djib.console=plain -Djib.from.image=harbor-paasdev.samsungsdscloud.com/cvc/cvc-scanner-base:17-debian -Djib.from.auth.username=harbor@cvc+cvc-robot -Djib.from.auth.password=**** -Djib.to.image=harbor-paasdev.samsungsdscloud.com/cvc/cvc-scanner:latest -Djib.to.auth.username=harbor@cvc+cvc-robot -Djib.to.auth.password=**** --build-cache

Welcome to Gradle 7.6.4!

Here are the highlights of this release:
 - Added support for Java 19.
 - Introduced `--rerun` flag for individual task rerun.
 - Improved dependency block for test suites to be strongly typed.
 - Added a pluggable system for Java toolchains provisioning.

For more details see https://docs.gradle.org/7.6.4/release-notes.html

To honour the JVM settings for this build a single-use Daemon process will be forked. See https://docs.gradle.org/7.6.4/userguide/gradle_daemon.html#sec:disabling_the_daemon.
Daemon will be stopped at the end of the build 
> Task :compileJava
> Task :processResources
> Task :classes
> Task :jib FAILED

FAILURE: Build failed with an exception.

* What went wrong:
Execution failed for task ':jib'.
> com.google.cloud.tools.jib.plugins.common.MainClassInferenceException: Multiple valid main classes were found: com.cvc.scanner.CVCScannerApplication, com.cvc.scanner.TestClass, perhaps you should add a `mainClass` configuration to jib

* Try:
> Run with --stacktrace option to get the stack trace.
> Run with --info or --debug option to get more log output.
> Run with --scan to get full insights.

* Get more help at https://help.gradle.org

Deprecated Gradle features were used in this build, making it incompatible with Gradle 8.0.

You can use '--warning-mode all' to show the individual deprecation warnings and determine if they come from your own scripts or plugins.

See https://docs.gradle.org/7.6.4/userguide/command_line_interface.html#sec:command_line_warnings

BUILD FAILED in 1m 25s
3 actionable tasks: 3 executed
